<?xml version="1.0" encoding="UTF-8"?>
<!-- Generated by org.testng.reporters.JUnitXMLReporter -->
<testsuite ignored="15" hostname="RK" failures="0" tests="6" name="Test" time="164.166" errors="0" timestamp="2025-05-07T21:58:27 IST">
  <testcase classname="TestClasses.LoginTest" name="executeLoginTest" time="2.257"/>
  <testcase classname="TestClasses.RegisterPatientTest" name="addPatient" time="39.403"/>
  <testcase classname="TestClasses.AddAppointmentTest" name="addVisit" time="15.49"/>
  <testcase classname="TestClasses.AddPatVitalsTest" name="addPatVitals" time="17.397"/>
  <testcase classname="TestClasses.AddConditionTest" name="addCondition" time="16.996"/>
  <testcase classname="TestClasses.EndVisitTest" name="endVisit" time="25.277"/>
  <testcase classname="Utilities.BaseClass" name="@AfterSuite tearDown" time="0.0">
    <ignored/>
  </testcase> <!-- @AfterSuite tearDown -->
  <testcase classname="Utilities.BaseClass" name="@AfterSuite tearDown" time="0.0">
    <ignored/>
  </testcase> <!-- @AfterSuite tearDown -->
  <testcase classname="Utilities.BaseClass" name="@AfterTest teardownDriver" time="0.0">
    <ignored/>
  </testcase> <!-- @AfterTest teardownDriver -->
  <testcase classname="Utilities.BaseClass" name="@AfterSuite tearDown" time="0.0">
    <ignored/>
  </testcase> <!-- @AfterSuite tearDown -->
  <testcase classname="Utilities.BaseClass" name="@AfterSuite tearDown" time="0.0">
    <ignored/>
  </testcase> <!-- @AfterSuite tearDown -->
  <testcase classname="Utilities.BaseClass" name="@AfterTest teardownDriver" time="0.0">
    <ignored/>
  </testcase> <!-- @AfterTest teardownDriver -->
  <testcase classname="Utilities.BaseClass" name="@AfterTest teardownDriver" time="0.0">
    <ignored/>
  </testcase> <!-- @AfterTest teardownDriver -->
  <testcase classname="Utilities.BaseClass" name="@BeforeSuite setupExtent" time="0.0">
    <ignored/>
  </testcase> <!-- @BeforeSuite setupExtent -->
  <testcase classname="Utilities.BaseClass" name="@AfterTest teardownDriver" time="0.0">
    <ignored/>
  </testcase> <!-- @AfterTest teardownDriver -->
  <testcase classname="Utilities.BaseClass" name="@BeforeSuite setupExtent" time="0.0">
    <ignored/>
  </testcase> <!-- @BeforeSuite setupExtent -->
  <testcase classname="Utilities.BaseClass" name="@AfterTest teardownDriver" time="0.0">
    <ignored/>
  </testcase> <!-- @AfterTest teardownDriver -->
  <testcase classname="Utilities.BaseClass" name="@BeforeSuite setupExtent" time="0.0">
    <ignored/>
  </testcase> <!-- @BeforeSuite setupExtent -->
  <testcase classname="Utilities.BaseClass" name="@AfterSuite tearDown" time="0.0">
    <ignored/>
  </testcase> <!-- @AfterSuite tearDown -->
  <testcase classname="Utilities.BaseClass" name="@BeforeSuite setupExtent" time="0.0">
    <ignored/>
  </testcase> <!-- @BeforeSuite setupExtent -->
  <testcase classname="Utilities.BaseClass" name="@BeforeSuite setupExtent" time="0.0">
    <ignored/>
  </testcase> <!-- @BeforeSuite setupExtent -->
</testsuite> <!-- Test -->
