<?xml version="1.0" encoding="UTF-8"?>
<testsuite xmlns:xsi="http://www.w3.org/2001/XMLSchema-instance" xsi:noNamespaceSchemaLocation="https://maven.apache.org/surefire/maven-surefire-plugin/xsd/surefire-test-report.xsd" name="TestSuite" time="417.795" tests="9" errors="0" skipped="3" failures="2">
  <properties>
[...]
</properties>
  <testcase name="addVisit" classname="TestClasses.AddAppointmentTest" time="0">
    <skipped message="Expected condition failed: waiting for visibility of element located by By.xpath: (//button[@class=&apos;cds--btn cds--btn--primary&apos; and @type =&apos;button&apos;])[1] (tried for 40 second(s) with 500 milliseconds interval)&#10;Build info: version: &apos;4.16.1&apos;, revision: &apos;9b4c83354e&apos;&#10;System info: os.name: &apos;Windows 11&apos;, os.arch: &apos;amd64&apos;, os.version: &apos;10.0&apos;, java.version: &apos;20.0.2&apos;&#10;Driver info: org.openqa.selenium.chrome.ChromeDriver&#10;Capabilities {acceptInsecureCerts: false, browserName: chrome, browserVersion: 135.0.7049.115, chrome: {chromedriverVersion: 135.0.7049.114 (63fd8a7d9d0..., userDataDir: C:\Users\rahul\AppData\Loca...}, fedcm:accounts: true, goog:chromeOptions: {debuggerAddress: localhost:56444}, networkConnectionEnabled: false, pageLoadStrategy: normal, platformName: windows, proxy: Proxy(), se:cdp: ws://localhost:56444/devtoo..., se:cdpVersion: 135.0.7049.115, setWindowRect: true, strictFileInteractability: false, timeouts: {implicit: 0, pageLoad: 300000, script: 30000}, unhandledPromptBehavior: dismiss and notify, webauthn:extension:credBlob: true, webauthn:extension:largeBlob: true, webauthn:extension:minPinLength: true, webauthn:extension:prf: true, webauthn:virtualAuthenticators: true}&#10;Session ID: 7a5120200562b1c64ed57392b44fb789"/>
    <system-out><![CDATA[[INFO ] 2025-05-08 08:36:02.203 [main] Health Cart - url opened
[INFO ] 2025-05-08 08:36:02.243 [main] Health Cart - ***************TestCase Verify Login starts*****************
[INFO ] 2025-05-08 08:36:02.404 [main] Health Cart - User enters username
[INFO ] 2025-05-08 08:36:02.571 [main] Health Cart - User clicks on continue button
[INFO ] 2025-05-08 08:36:02.709 [main] Health Cart - User enters password
[INFO ] 2025-05-08 08:36:02.868 [main] Health Cart - User clicks on Submit button
[INFO ] 2025-05-08 08:36:04.373 [main] Health Cart - Login Successful
]]></system-out>
    <system-err><![CDATA[SLF4J: Failed to load class "org.slf4j.impl.StaticLoggerBinder".
SLF4J: Defaulting to no-operation (NOP) logger implementation
SLF4J: See http://www.slf4j.org/codes.html#StaticLoggerBinder for further details.
May 08, 2025 8:35:50 AM org.openqa.selenium.devtools.CdpVersionFinder findNearestMatch
WARNING: Unable to find CDP implementation matching 135
May 08, 2025 8:35:50 AM org.openqa.selenium.chromium.ChromiumDriver lambda$new$5
WARNING: Unable to find version of CDP to use for 135.0.7049.115. You may need to include a dependency on a specific version of the CDP using something similar to `org.seleniumhq.selenium:selenium-devtools-v86:4.16.1` where the version ("v86") matches the version of the chromium-based browser you're using and the version number of the artifact is the same as Selenium's.
]]></system-err>
  </testcase>
  <testcase name="addVisit" classname="TestClasses.AddAppointmentTest" time="48.805">
    <failure message="Expected condition failed: waiting for visibility of element located by By.xpath: (//button[@class=&apos;cds--btn cds--btn--primary&apos; and @type =&apos;button&apos;])[1] (tried for 40 second(s) with 500 milliseconds interval)&#10;Build info: version: &apos;4.16.1&apos;, revision: &apos;9b4c83354e&apos;&#10;System info: os.name: &apos;Windows 11&apos;, os.arch: &apos;amd64&apos;, os.version: &apos;10.0&apos;, java.version: &apos;20.0.2&apos;&#10;Driver info: org.openqa.selenium.chrome.ChromeDriver&#10;Capabilities {acceptInsecureCerts: false, browserName: chrome, browserVersion: 135.0.7049.115, chrome: {chromedriverVersion: 135.0.7049.114 (63fd8a7d9d0..., userDataDir: C:\Users\rahul\AppData\Loca...}, fedcm:accounts: true, goog:chromeOptions: {debuggerAddress: localhost:56502}, networkConnectionEnabled: false, pageLoadStrategy: normal, platformName: windows, proxy: Proxy(), se:cdp: ws://localhost:56502/devtoo..., se:cdpVersion: 135.0.7049.115, setWindowRect: true, strictFileInteractability: false, timeouts: {implicit: 0, pageLoad: 300000, script: 30000}, unhandledPromptBehavior: dismiss and notify, webauthn:extension:credBlob: true, webauthn:extension:largeBlob: true, webauthn:extension:minPinLength: true, webauthn:extension:prf: true, webauthn:virtualAuthenticators: true}&#10;Session ID: a203f26d7a7643ac28d9ceaa366e0d0f" type="org.openqa.selenium.TimeoutException">org.openqa.selenium.TimeoutException: 
Expected condition failed: waiting for visibility of element located by By.xpath: (//button[@class='cds--btn cds--btn--primary' and @type ='button'])[1] (tried for 40 second(s) with 500 milliseconds interval)
Build info: version: '4.16.1', revision: '9b4c83354e'
System info: os.name: 'Windows 11', os.arch: 'amd64', os.version: '10.0', java.version: '20.0.2'
Driver info: org.openqa.selenium.chrome.ChromeDriver
Capabilities {acceptInsecureCerts: false, browserName: chrome, browserVersion: 135.0.7049.115, chrome: {chromedriverVersion: 135.0.7049.114 (63fd8a7d9d0..., userDataDir: C:\Users\rahul\AppData\Loca...}, fedcm:accounts: true, goog:chromeOptions: {debuggerAddress: localhost:56502}, networkConnectionEnabled: false, pageLoadStrategy: normal, platformName: windows, proxy: Proxy(), se:cdp: ws://localhost:56502/devtoo..., se:cdpVersion: 135.0.7049.115, setWindowRect: true, strictFileInteractability: false, timeouts: {implicit: 0, pageLoad: 300000, script: 30000}, unhandledPromptBehavior: dismiss and notify, webauthn:extension:credBlob: true, webauthn:extension:largeBlob: true, webauthn:extension:minPinLength: true, webauthn:extension:prf: true, webauthn:virtualAuthenticators: true}
Session ID: a203f26d7a7643ac28d9ceaa366e0d0f
	at TestClasses.AddAppointmentTest.addVisit(AddAppointmentTest.java:45)
</failure>
    <system-out><![CDATA[[INFO ] 2025-05-08 08:36:58.759 [main] Health Cart - url opened
[INFO ] 2025-05-08 08:36:58.765 [main] Health Cart - ***************TestCase Verify Login starts*****************
[INFO ] 2025-05-08 08:36:58.878 [main] Health Cart - User enters username
[INFO ] 2025-05-08 08:36:59.012 [main] Health Cart - User clicks on continue button
[INFO ] 2025-05-08 08:36:59.128 [main] Health Cart - User enters password
[INFO ] 2025-05-08 08:36:59.277 [main] Health Cart - User clicks on Submit button
[INFO ] 2025-05-08 08:37:00.846 [main] Health Cart - Login Successful
]]></system-out>
    <system-err><![CDATA[May 08, 2025 8:36:52 AM org.openqa.selenium.devtools.CdpVersionFinder findNearestMatch
WARNING: Unable to find CDP implementation matching 135
May 08, 2025 8:36:52 AM org.openqa.selenium.chromium.ChromiumDriver lambda$new$5
WARNING: Unable to find version of CDP to use for 135.0.7049.115. You may need to include a dependency on a specific version of the CDP using something similar to `org.seleniumhq.selenium:selenium-devtools-v86:4.16.1` where the version ("v86") matches the version of the chromium-based browser you're using and the version number of the artifact is the same as Selenium's.
]]></system-err>
  </testcase>
  <testcase name="addCondition" classname="TestClasses.AddConditionTest" time="0">
    <skipped message="Expected condition failed: waiting for visibility of element located by By.xpath: (//a[contains(text(),&apos;Harry dsouza&apos;)])[1] (tried for 40 second(s) with 500 milliseconds interval)&#10;Build info: version: &apos;4.16.1&apos;, revision: &apos;9b4c83354e&apos;&#10;System info: os.name: &apos;Windows 11&apos;, os.arch: &apos;amd64&apos;, os.version: &apos;10.0&apos;, java.version: &apos;20.0.2&apos;&#10;Driver info: org.openqa.selenium.chrome.ChromeDriver&#10;Capabilities {acceptInsecureCerts: false, browserName: chrome, browserVersion: 135.0.7049.115, chrome: {chromedriverVersion: 135.0.7049.114 (63fd8a7d9d0..., userDataDir: C:\Users\rahul\AppData\Loca...}, fedcm:accounts: true, goog:chromeOptions: {debuggerAddress: localhost:56559}, networkConnectionEnabled: false, pageLoadStrategy: normal, platformName: windows, proxy: Proxy(), se:cdp: ws://localhost:56559/devtoo..., se:cdpVersion: 135.0.7049.115, setWindowRect: true, strictFileInteractability: false, timeouts: {implicit: 0, pageLoad: 300000, script: 30000}, unhandledPromptBehavior: dismiss and notify, webauthn:extension:credBlob: true, webauthn:extension:largeBlob: true, webauthn:extension:minPinLength: true, webauthn:extension:prf: true, webauthn:virtualAuthenticators: true}&#10;Session ID: 09b2f3fd64549a0ebdf9041e6cb2a90b"/>
    <system-out><![CDATA[[INFO ] 2025-05-08 08:37:55.033 [main] Health Cart - url opened
[INFO ] 2025-05-08 08:37:55.034 [main] Health Cart - ***************TestCase Verify Login starts*****************
[INFO ] 2025-05-08 08:37:55.376 [main] Health Cart - User enters username
[INFO ] 2025-05-08 08:37:55.484 [main] Health Cart - User clicks on continue button
[INFO ] 2025-05-08 08:37:55.572 [main] Health Cart - User enters password
[INFO ] 2025-05-08 08:37:55.664 [main] Health Cart - User clicks on Submit button
[INFO ] 2025-05-08 08:37:57.142 [main] Health Cart - Login Successful
]]></system-out>
    <system-err><![CDATA[May 08, 2025 8:37:49 AM org.openqa.selenium.devtools.CdpVersionFinder findNearestMatch
WARNING: Unable to find CDP implementation matching 135
May 08, 2025 8:37:49 AM org.openqa.selenium.chromium.ChromiumDriver lambda$new$5
WARNING: Unable to find version of CDP to use for 135.0.7049.115. You may need to include a dependency on a specific version of the CDP using something similar to `org.seleniumhq.selenium:selenium-devtools-v86:4.16.1` where the version ("v86") matches the version of the chromium-based browser you're using and the version number of the artifact is the same as Selenium's.
]]></system-err>
  </testcase>
  <testcase name="addCondition" classname="TestClasses.AddConditionTest" time="43.609">
    <failure message="Expected condition failed: waiting for visibility of element located by By.xpath: (//a[contains(text(),&apos;Harry dsouza&apos;)])[1] (tried for 40 second(s) with 500 milliseconds interval)&#10;Build info: version: &apos;4.16.1&apos;, revision: &apos;9b4c83354e&apos;&#10;System info: os.name: &apos;Windows 11&apos;, os.arch: &apos;amd64&apos;, os.version: &apos;10.0&apos;, java.version: &apos;20.0.2&apos;&#10;Driver info: org.openqa.selenium.chrome.ChromeDriver&#10;Capabilities {acceptInsecureCerts: false, browserName: chrome, browserVersion: 135.0.7049.115, chrome: {chromedriverVersion: 135.0.7049.114 (63fd8a7d9d0..., userDataDir: C:\Users\rahul\AppData\Loca...}, fedcm:accounts: true, goog:chromeOptions: {debuggerAddress: localhost:56621}, networkConnectionEnabled: false, pageLoadStrategy: normal, platformName: windows, proxy: Proxy(), se:cdp: ws://localhost:56621/devtoo..., se:cdpVersion: 135.0.7049.115, setWindowRect: true, strictFileInteractability: false, timeouts: {implicit: 0, pageLoad: 300000, script: 30000}, unhandledPromptBehavior: dismiss and notify, webauthn:extension:credBlob: true, webauthn:extension:largeBlob: true, webauthn:extension:minPinLength: true, webauthn:extension:prf: true, webauthn:virtualAuthenticators: true}&#10;Session ID: 6f556834f5779042aeb403fead715eca" type="org.openqa.selenium.TimeoutException">org.openqa.selenium.TimeoutException: 
Expected condition failed: waiting for visibility of element located by By.xpath: (//a[contains(text(),'Harry dsouza')])[1] (tried for 40 second(s) with 500 milliseconds interval)
Build info: version: '4.16.1', revision: '9b4c83354e'
System info: os.name: 'Windows 11', os.arch: 'amd64', os.version: '10.0', java.version: '20.0.2'
Driver info: org.openqa.selenium.chrome.ChromeDriver
Capabilities {acceptInsecureCerts: false, browserName: chrome, browserVersion: 135.0.7049.115, chrome: {chromedriverVersion: 135.0.7049.114 (63fd8a7d9d0..., userDataDir: C:\Users\rahul\AppData\Loca...}, fedcm:accounts: true, goog:chromeOptions: {debuggerAddress: localhost:56621}, networkConnectionEnabled: false, pageLoadStrategy: normal, platformName: windows, proxy: Proxy(), se:cdp: ws://localhost:56621/devtoo..., se:cdpVersion: 135.0.7049.115, setWindowRect: true, strictFileInteractability: false, timeouts: {implicit: 0, pageLoad: 300000, script: 30000}, unhandledPromptBehavior: dismiss and notify, webauthn:extension:credBlob: true, webauthn:extension:largeBlob: true, webauthn:extension:minPinLength: true, webauthn:extension:prf: true, webauthn:virtualAuthenticators: true}
Session ID: 6f556834f5779042aeb403fead715eca
	at TestClasses.AddConditionTest.addCondition(AddConditionTest.java:38)
</failure>
    <system-out><![CDATA[[INFO ] 2025-05-08 08:38:46.435 [main] Health Cart - url opened
[INFO ] 2025-05-08 08:38:46.437 [main] Health Cart - ***************TestCase Verify Login starts*****************
[INFO ] 2025-05-08 08:38:46.550 [main] Health Cart - User enters username
[INFO ] 2025-05-08 08:38:46.689 [main] Health Cart - User clicks on continue button
[INFO ] 2025-05-08 08:38:46.774 [main] Health Cart - User enters password
[INFO ] 2025-05-08 08:38:46.885 [main] Health Cart - User clicks on Submit button
[INFO ] 2025-05-08 08:38:48.318 [main] Health Cart - Login Successful
]]></system-out>
    <system-err><![CDATA[May 08, 2025 8:38:40 AM org.openqa.selenium.devtools.CdpVersionFinder findNearestMatch
WARNING: Unable to find CDP implementation matching 135
May 08, 2025 8:38:40 AM org.openqa.selenium.chromium.ChromiumDriver lambda$new$5
WARNING: Unable to find version of CDP to use for 135.0.7049.115. You may need to include a dependency on a specific version of the CDP using something similar to `org.seleniumhq.selenium:selenium-devtools-v86:4.16.1` where the version ("v86") matches the version of the chromium-based browser you're using and the version number of the artifact is the same as Selenium's.
]]></system-err>
  </testcase>
  <testcase name="addPatVitals" classname="TestClasses.AddPatVitalsTest" time="0">
    <skipped message="Expected condition failed: waiting for visibility of element located by By.xpath: (//a[contains(text(),&apos;Harry dsouza&apos;)])[1] (tried for 40 second(s) with 500 milliseconds interval)&#10;Build info: version: &apos;4.16.1&apos;, revision: &apos;9b4c83354e&apos;&#10;System info: os.name: &apos;Windows 11&apos;, os.arch: &apos;amd64&apos;, os.version: &apos;10.0&apos;, java.version: &apos;20.0.2&apos;&#10;Driver info: org.openqa.selenium.chrome.ChromeDriver&#10;Capabilities {acceptInsecureCerts: false, browserName: chrome, browserVersion: 135.0.7049.115, chrome: {chromedriverVersion: 135.0.7049.114 (63fd8a7d9d0..., userDataDir: C:\Users\rahul\AppData\Loca...}, fedcm:accounts: true, goog:chromeOptions: {debuggerAddress: localhost:56678}, networkConnectionEnabled: false, pageLoadStrategy: normal, platformName: windows, proxy: Proxy(), se:cdp: ws://localhost:56678/devtoo..., se:cdpVersion: 135.0.7049.115, setWindowRect: true, strictFileInteractability: false, timeouts: {implicit: 0, pageLoad: 300000, script: 30000}, unhandledPromptBehavior: dismiss and notify, webauthn:extension:credBlob: true, webauthn:extension:largeBlob: true, webauthn:extension:minPinLength: true, webauthn:extension:prf: true, webauthn:virtualAuthenticators: true}&#10;Session ID: f3f23e0d2ed003696814e2ca8020c8fa"/>
    <system-out><![CDATA[[INFO ] 2025-05-08 08:39:38.009 [main] Health Cart - url opened
[INFO ] 2025-05-08 08:39:38.011 [main] Health Cart - ***************TestCase Verify Login starts*****************
[INFO ] 2025-05-08 08:39:38.352 [main] Health Cart - User enters username
[INFO ] 2025-05-08 08:39:38.461 [main] Health Cart - User clicks on continue button
[INFO ] 2025-05-08 08:39:38.582 [main] Health Cart - User enters password
[INFO ] 2025-05-08 08:39:38.749 [main] Health Cart - User clicks on Submit button
[INFO ] 2025-05-08 08:39:40.294 [main] Health Cart - Login Successful
]]></system-out>
    <system-err><![CDATA[May 08, 2025 8:39:31 AM org.openqa.selenium.devtools.CdpVersionFinder findNearestMatch
WARNING: Unable to find CDP implementation matching 135
May 08, 2025 8:39:31 AM org.openqa.selenium.chromium.ChromiumDriver lambda$new$5
WARNING: Unable to find version of CDP to use for 135.0.7049.115. You may need to include a dependency on a specific version of the CDP using something similar to `org.seleniumhq.selenium:selenium-devtools-v86:4.16.1` where the version ("v86") matches the version of the chromium-based browser you're using and the version number of the artifact is the same as Selenium's.
]]></system-err>
  </testcase>
  <testcase name="addPatVitals" classname="TestClasses.AddPatVitalsTest" time="38.68"/>
  <testcase name="endVisit" classname="TestClasses.EndVisitTest" time="24.866"/>
  <testcase name="executeLoginTest" classname="TestClasses.LoginTest" time="2.08"/>
  <testcase name="addPatient" classname="TestClasses.RegisterPatientTest" time="38.859"/>
</testsuite>