<?xml version="1.0" encoding="UTF-8"?>
<testng-results ignored="15" total="21" passed="6" failed="0" skipped="0">
  <reporter-output>
    <line>
      <![CDATA[Test has been started]]>
    </line>
    <line>
      <![CDATA[Test case is passed]]>
    </line>
    <line>
      <![CDATA[Test has been started]]>
    </line>
    <line>
      <![CDATA[Test case is passed]]>
    </line>
    <line>
      <![CDATA[Test has been started]]>
    </line>
    <line>
      <![CDATA[Test case is passed]]>
    </line>
    <line>
      <![CDATA[Test has been started]]>
    </line>
    <line>
      <![CDATA[Test case is passed]]>
    </line>
    <line>
      <![CDATA[Test has been started]]>
    </line>
    <line>
      <![CDATA[Test case is passed]]>
    </line>
    <line>
      <![CDATA[Test has been started]]>
    </line>
    <line>
      <![CDATA[Test case is passed]]>
    </line>
  </reporter-output>
  <suite started-at="2025-05-07T21:55:43 IST" name="Suite" finished-at="2025-05-07T21:58:27 IST" duration-ms="164166">
    <groups>
      <group name="sanity">
        <method signature="LoginTest.executeLoginTest()[pri:0, instance:TestClasses.LoginTest@2b71e916]" name="executeLoginTest" class="TestClasses.LoginTest"/>
        <method signature="RegisterPatientTest.addPatient(java.lang.String,java.lang.String,java.lang.String,java.lang.String)[pri:1, instance:TestClasses.RegisterPatientTest@776aec5c]" name="addPatient" class="TestClasses.RegisterPatientTest"/>
        <method signature="AddAppointmentTest.addVisit()[pri:2, instance:TestClasses.AddAppointmentTest@1d296da]" name="addVisit" class="TestClasses.AddAppointmentTest"/>
        <method signature="AddPatVitalsTest.addPatVitals()[pri:3, instance:TestClasses.AddPatVitalsTest@7c7a06ec]" name="addPatVitals" class="TestClasses.AddPatVitalsTest"/>
        <method signature="AddConditionTest.addCondition()[pri:4, instance:TestClasses.AddConditionTest@75d4a5c2]" name="addCondition" class="TestClasses.AddConditionTest"/>
        <method signature="EndVisitTest.endVisit()[pri:5, instance:TestClasses.EndVisitTest@557caf28]" name="endVisit" class="TestClasses.EndVisitTest"/>
      </group> <!-- sanity -->
    </groups>
    <test started-at="2025-05-07T21:55:43 IST" name="Test" finished-at="2025-05-07T21:58:27 IST" duration-ms="164166">
      <class name="TestClasses.AddConditionTest">
        <test-method is-config="true" signature="openBrowser()[pri:0, instance:TestClasses.AddConditionTest@75d4a5c2]" started-at="2025-05-07T21:57:29 IST" name="openBrowser" finished-at="2025-05-07T21:57:36 IST" duration-ms="6590" status="PASS">
          <reporter-output>
          </reporter-output>
        </test-method> <!-- openBrowser -->
        <test-method signature="addCondition()[pri:4, instance:TestClasses.AddConditionTest@75d4a5c2]" started-at="2025-05-07T21:57:36 IST" name="addCondition" finished-at="2025-05-07T21:57:53 IST" duration-ms="16996" status="PASS">
          <reporter-output>
            <line>
              <![CDATA[Test has been started]]>
            </line>
            <line>
              <![CDATA[Test case is passed]]>
            </line>
          </reporter-output>
        </test-method> <!-- addCondition -->
      </class> <!-- TestClasses.AddConditionTest -->
      <class name="TestClasses.AddPatVitalsTest">
        <test-method is-config="true" signature="openBrowser()[pri:0, instance:TestClasses.AddPatVitalsTest@7c7a06ec]" started-at="2025-05-07T21:57:04 IST" name="openBrowser" finished-at="2025-05-07T21:57:12 IST" duration-ms="7448" status="PASS">
          <reporter-output>
          </reporter-output>
        </test-method> <!-- openBrowser -->
        <test-method signature="addPatVitals()[pri:3, instance:TestClasses.AddPatVitalsTest@7c7a06ec]" started-at="2025-05-07T21:57:12 IST" name="addPatVitals" finished-at="2025-05-07T21:57:29 IST" duration-ms="17397" status="PASS">
          <reporter-output>
            <line>
              <![CDATA[Test has been started]]>
            </line>
            <line>
              <![CDATA[Test case is passed]]>
            </line>
          </reporter-output>
        </test-method> <!-- addPatVitals -->
      </class> <!-- TestClasses.AddPatVitalsTest -->
      <class name="TestClasses.EndVisitTest">
        <test-method is-config="true" signature="openBrowser()[pri:0, instance:TestClasses.EndVisitTest@557caf28]" started-at="2025-05-07T21:57:53 IST" name="openBrowser" finished-at="2025-05-07T21:58:01 IST" duration-ms="8239" status="PASS">
          <reporter-output>
          </reporter-output>
        </test-method> <!-- openBrowser -->
        <test-method signature="endVisit()[pri:5, instance:TestClasses.EndVisitTest@557caf28]" started-at="2025-05-07T21:58:01 IST" name="endVisit" finished-at="2025-05-07T21:58:27 IST" duration-ms="25277" status="PASS">
          <reporter-output>
            <line>
              <![CDATA[Test has been started]]>
            </line>
            <line>
              <![CDATA[Test case is passed]]>
            </line>
          </reporter-output>
        </test-method> <!-- endVisit -->
      </class> <!-- TestClasses.EndVisitTest -->
      <class name="TestClasses.RegisterPatientTest">
        <test-method is-config="true" signature="openBrowser()[pri:0, instance:TestClasses.RegisterPatientTest@776aec5c]" started-at="2025-05-07T21:55:54 IST" name="openBrowser" finished-at="2025-05-07T21:56:02 IST" duration-ms="7950" status="PASS">
          <reporter-output>
          </reporter-output>
        </test-method> <!-- openBrowser -->
        <test-method signature="addPatient(java.lang.String,java.lang.String,java.lang.String,java.lang.String)[pri:1, instance:TestClasses.RegisterPatientTest@776aec5c]" started-at="2025-05-07T21:56:02 IST" name="addPatient" data-provider="MyDp1" finished-at="2025-05-07T21:56:42 IST" duration-ms="39403" status="PASS">
          <params>
            <param index="0">
              <value>
                <![CDATA[Harry]]>
              </value>
            </param>
            <param index="1">
              <value>
                <![CDATA[dsouza]]>
              </value>
            </param>
            <param index="2">
              <value>
                <![CDATA[32]]>
              </value>
            </param>
            <param index="3">
              <value>
                <![CDATA[Mumbai]]>
              </value>
            </param>
          </params>
          <reporter-output>
            <line>
              <![CDATA[Test has been started]]>
            </line>
            <line>
              <![CDATA[Test case is passed]]>
            </line>
          </reporter-output>
        </test-method> <!-- addPatient -->
      </class> <!-- TestClasses.RegisterPatientTest -->
      <class name="TestClasses.LoginTest">
        <test-method is-config="true" signature="setupExtent()[pri:0, instance:TestClasses.LoginTest@2b71e916]" started-at="2025-05-07T21:55:42 IST" name="setupExtent" finished-at="2025-05-07T21:55:43 IST" duration-ms="278" status="PASS">
          <reporter-output>
          </reporter-output>
        </test-method> <!-- setupExtent -->
        <test-method is-config="true" signature="openBrowser()[pri:0, instance:TestClasses.LoginTest@2b71e916]" started-at="2025-05-07T21:55:43 IST" name="openBrowser" finished-at="2025-05-07T21:55:52 IST" duration-ms="9062" status="PASS">
          <reporter-output>
          </reporter-output>
        </test-method> <!-- openBrowser -->
        <test-method signature="executeLoginTest()[pri:0, instance:TestClasses.LoginTest@2b71e916]" started-at="2025-05-07T21:55:52 IST" name="executeLoginTest" finished-at="2025-05-07T21:55:54 IST" duration-ms="2257" status="PASS">
          <reporter-output>
            <line>
              <![CDATA[Test has been started]]>
            </line>
            <line>
              <![CDATA[Test case is passed]]>
            </line>
          </reporter-output>
        </test-method> <!-- executeLoginTest -->
        <test-method is-config="true" signature="teardownDriver()[pri:0, instance:TestClasses.LoginTest@2b71e916]" started-at="2025-05-07T21:58:27 IST" name="teardownDriver" finished-at="2025-05-07T21:58:27 IST" duration-ms="148" status="PASS">
          <reporter-output>
          </reporter-output>
        </test-method> <!-- teardownDriver -->
        <test-method is-config="true" signature="tearDown()[pri:0, instance:TestClasses.LoginTest@2b71e916]" started-at="2025-05-07T21:58:27 IST" name="tearDown" finished-at="2025-05-07T21:58:28 IST" duration-ms="846" status="PASS">
          <reporter-output>
          </reporter-output>
        </test-method> <!-- tearDown -->
      </class> <!-- TestClasses.LoginTest -->
      <class name="TestClasses.AddAppointmentTest">
        <test-method is-config="true" signature="openBrowser()[pri:0, instance:TestClasses.AddAppointmentTest@1d296da]" started-at="2025-05-07T21:56:42 IST" name="openBrowser" finished-at="2025-05-07T21:56:49 IST" duration-ms="6727" status="PASS">
          <reporter-output>
          </reporter-output>
        </test-method> <!-- openBrowser -->
        <test-method signature="addVisit()[pri:2, instance:TestClasses.AddAppointmentTest@1d296da]" started-at="2025-05-07T21:56:49 IST" name="addVisit" finished-at="2025-05-07T21:57:04 IST" duration-ms="15490" status="PASS">
          <reporter-output>
            <line>
              <![CDATA[Test has been started]]>
            </line>
            <line>
              <![CDATA[Test case is passed]]>
            </line>
          </reporter-output>
        </test-method> <!-- addVisit -->
      </class> <!-- TestClasses.AddAppointmentTest -->
    </test> <!-- Test -->
  </suite> <!-- Suite -->
</testng-results>
