<?xml version="1.0" encoding="UTF-8"?>
<testng-results ignored="0" total="1" passed="1" failed="0" skipped="0">
  <reporter-output>
    <line>
      <![CDATA[Test has been started]]>
    </line>
    <line>
      <![CDATA[Test case is passed]]>
    </line>
  </reporter-output>
  <suite started-at="2025-05-10T08:34:03 IST" name="Default suite" finished-at="2025-05-10T08:34:31 IST" duration-ms="27970">
    <groups>
      <group name="sanity">
        <method signature="RegisterPatientTest.addPatient(java.lang.String,java.lang.String,java.lang.String,java.lang.String)[pri:1, instance:TestClasses.RegisterPatientTest@765d7657]" name="addPatient" class="TestClasses.RegisterPatientTest"/>
      </group> <!-- sanity -->
    </groups>
    <test started-at="2025-05-10T08:34:03 IST" name="Default test" finished-at="2025-05-10T08:34:31 IST" duration-ms="27970">
      <class name="TestClasses.RegisterPatientTest">
        <test-method is-config="true" signature="setupExtent()[pri:0, instance:TestClasses.RegisterPatientTest@765d7657]" started-at="2025-05-10T08:34:03 IST" name="setupExtent" finished-at="2025-05-10T08:34:03 IST" duration-ms="189" status="PASS">
          <reporter-output>
          </reporter-output>
        </test-method> <!-- setupExtent -->
        <test-method is-config="true" signature="openBrowser()[pri:0, instance:TestClasses.RegisterPatientTest@765d7657]" started-at="2025-05-10T08:34:03 IST" name="openBrowser" finished-at="2025-05-10T08:34:14 IST" duration-ms="10734" status="PASS">
          <reporter-output>
          </reporter-output>
        </test-method> <!-- openBrowser -->
        <test-method signature="addPatient(java.lang.String,java.lang.String,java.lang.String,java.lang.String)[pri:1, instance:TestClasses.RegisterPatientTest@765d7657]" started-at="2025-05-10T08:34:14 IST" name="addPatient" data-provider="MyDp1" finished-at="2025-05-10T08:34:31 IST" duration-ms="16862" status="PASS">
          <params>
            <param index="0">
              <value>
                <![CDATA[Harry]]>
              </value>
            </param>
            <param index="1">
              <value>
                <![CDATA[dsouza]]>
              </value>
            </param>
            <param index="2">
              <value>
                <![CDATA[32]]>
              </value>
            </param>
            <param index="3">
              <value>
                <![CDATA[Mumbai]]>
              </value>
            </param>
          </params>
          <reporter-output>
            <line>
              <![CDATA[Test has been started]]>
            </line>
            <line>
              <![CDATA[Test case is passed]]>
            </line>
          </reporter-output>
        </test-method> <!-- addPatient -->
        <test-method is-config="true" signature="teardownDriver()[pri:0, instance:TestClasses.RegisterPatientTest@765d7657]" started-at="2025-05-10T08:34:31 IST" name="teardownDriver" finished-at="2025-05-10T08:34:31 IST" duration-ms="160" status="PASS">
          <reporter-output>
          </reporter-output>
        </test-method> <!-- teardownDriver -->
        <test-method is-config="true" signature="tearDown()[pri:0, instance:TestClasses.RegisterPatientTest@765d7657]" started-at="2025-05-10T08:34:31 IST" name="tearDown" finished-at="2025-05-10T08:34:32 IST" duration-ms="626" status="PASS">
          <reporter-output>
          </reporter-output>
        </test-method> <!-- tearDown -->
      </class> <!-- TestClasses.RegisterPatientTest -->
    </test> <!-- Default test -->
  </suite> <!-- Default suite -->
</testng-results>
